<?xml version="1.0" encoding="UTF-8"?>
<!-- Generated by org.testng.reporters.JUnitReportReporter -->
<testsuite ignored="0" hostname="MacBook-Air-Maria.local" failures="0" tests="1" name="getforecast.TestAPIYandexForecast" time="3.218" errors="0" timestamp="15 дек. 2019 16:34:59 GMT" skipped="0">
  <testcase classname="getforecast.TestAPIYandexForecast" name="GetForecast" time="3.218"/>
</testsuite> <!-- getforecast.TestAPIYandexForecast -->
